<?xml version="1.0" encoding="UTF-8"?>
<!-- Generated by org.testng.reporters.JUnitReportReporter -->
<testsuite hostname="IN-4DJ9WP3" failures="0" tests="4" name="testCase.testCase2" time="11.667" errors="0" timestamp="2023-09-23T20:40:17 IST" skipped="0">
  <testcase classname="testCase.testCase2" name="create_token_from_Auth" time="2.224"/>
  <system-out/>
  <testcase classname="testCase.testCase2" name="booking_create" time="2.791"/>
  <system-out/>
  <testcase classname="testCase.testCase2" name="booking_partial_update" time="3.752"/>
  <system-out/>
  <testcase classname="testCase.testCase2" name="booking_delete_data" time="2.900"/>
  <system-out/>
</testsuite> <!-- testCase.testCase2 -->
