<?xml version="1.0" encoding="UTF-8"?>
<!-- Generated by org.testng.reporters.JUnitReportReporter -->
<testsuite hostname="IN-4DJ9WP3" failures="0" tests="4" name="testCase.testCase1" time="11.628" errors="0" timestamp="2023-09-23T20:40:17 IST" skipped="0">
  <testcase classname="testCase.testCase1" name="create_token_from_Auth" time="3.095"/>
  <system-out/>
  <testcase classname="testCase.testCase1" name="booking_create" time="2.669"/>
  <system-out/>
  <testcase classname="testCase.testCase1" name="booking_update" time="3.160"/>
  <system-out/>
  <testcase classname="testCase.testCase1" name="get_booking_by_id" time="2.704"/>
  <system-out/>
</testsuite> <!-- testCase.testCase1 -->
