<?xml version="1.0" encoding="UTF-8"?>
<!-- Generated by org.testng.reporters.JUnitReportReporter -->
<testsuite hostname="IN-4DJ9WP3" failures="0" tests="1" name="testCase.testCase3" time="4.372" errors="0" timestamp="2023-08-23T16:17:04 IST" skipped="0">
  <testcase classname="testCase.testCase3" name="Add_data" time="4.372"/>
  <system-out/>
</testsuite> <!-- testCase.testCase3 -->
