<?xml version="1.0" encoding="UTF-8"?>
<!-- Generated by org.testng.reporters.JUnitReportReporter -->
<testsuite hostname="DESKTOP-3689HFM" failures="0" tests="4" name="testCase.testCase2" time="7.958" errors="0" timestamp="2023-09-29T11:37:20 IST" skipped="0">
  <testcase classname="testCase.testCase2" name="create_token_from_Auth" time="1.497"/>
  <system-out/>
  <testcase classname="testCase.testCase2" name="booking_create" time="2.032"/>
  <system-out/>
  <testcase classname="testCase.testCase2" name="booking_partial_update" time="1.876"/>
  <system-out/>
  <testcase classname="testCase.testCase2" name="booking_delete_data" time="2.553"/>
  <system-out/>
</testsuite> <!-- testCase.testCase2 -->
