<?xml version="1.0" encoding="UTF-8"?>
<!-- Generated by org.testng.reporters.JUnitReportReporter -->
<testsuite hostname="DESKTOP-3689HFM" failures="0" tests="4" name="testCase.testCase2" time="5.957" errors="0" timestamp="2023-10-02T11:42:24 IST" skipped="0">
  <testcase classname="testCase.testCase2" name="create_token_from_Auth" time="1.697"/>
  <system-out/>
  <testcase classname="testCase.testCase2" name="booking_create" time="1.387"/>
  <system-out/>
  <testcase classname="testCase.testCase2" name="booking_partial_update" time="1.416"/>
  <system-out/>
  <testcase classname="testCase.testCase2" name="booking_delete_data" time="1.457"/>
  <system-out/>
</testsuite> <!-- testCase.testCase2 -->
