<?xml version="1.0" encoding="UTF-8"?>
<!-- Generated by org.testng.reporters.JUnitReportReporter -->
<testsuite hostname="DESKTOP-3689HFM" failures="0" tests="4" name="testCase.testCase1" time="8.440" errors="0" timestamp="2023-10-02T11:39:12 IST" skipped="0">
  <testcase classname="testCase.testCase1" name="create_token_from_Auth" time="3.185"/>
  <system-out/>
  <testcase classname="testCase.testCase1" name="booking_create" time="1.689"/>
  <system-out/>
  <testcase classname="testCase.testCase1" name="booking_update" time="2.190"/>
  <system-out/>
  <testcase classname="testCase.testCase1" name="get_booking_by_id" time="1.376"/>
  <system-out/>
</testsuite> <!-- testCase.testCase1 -->
